This is pdfTeX, Version 3.1415926-1.40.11 (TeX Live 2010) (format=latex 2010.7.21)  28 SEP 2011 15:06
entering extended mode
 restricted \write18 enabled.
 %&-line parsing enabled.
**curve.dtx
(./curve.dtx
LaTeX2e <2009/09/24>
Babel <v3.8l> and hyphenation patterns for english, dumylang, nohyphenation, ge
rman-x-2009-06-19, ngerman-x-2009-06-19, ancientgreek, ibycus, arabic, armenian
, basque, bulgarian, catalan, pinyin, coptic, croatian, czech, danish, dutch, u
kenglish, usenglishmax, esperanto, estonian, farsi, finnish, french, galician, 
german, ngerman, swissgerman, monogreek, greek, hungarian, icelandic, assamese,
 bengali, gujarati, hindi, kannada, malayalam, marathi, oriya, panjabi, tamil, 
telugu, indonesian, interlingua, irish, italian, kurmanji, lao, latin, latvian,
 lithuanian, mongolian, mongolianlmc, bokmal, nynorsk, polish, portuguese, roma
nian, russian, sanskrit, serbian, slovak, slovenian, spanish, swedish, turkish,
 turkmen, ukrainian, uppersorbian, welsh, loaded.
(/usr/local/texlive/2010/texmf-dist/tex/latex/base/ltxdoc.cls
Document Class: ltxdoc 2007/11/11 v2.0u Standard LaTeX documentation class
(/usr/local/texlive/2010/texmf-dist/tex/latex/base/article.cls
Document Class: article 2007/10/19 v1.4h Standard LaTeX document class
(/usr/local/texlive/2010/texmf-dist/tex/latex/base/size10.clo
File: size10.clo 2007/10/19 v1.4h Standard LaTeX file (size option)
)
\c@part=\count79
\c@section=\count80
\c@subsection=\count81
\c@subsubsection=\count82
\c@paragraph=\count83
\c@subparagraph=\count84
\c@figure=\count85
\c@table=\count86
\abovecaptionskip=\skip41
\belowcaptionskip=\skip42
\bibindent=\dimen102
)
(/usr/local/texlive/2010/texmf-dist/tex/latex/base/doc.sty
Package: doc 2006/02/02 v2.1d Standard LaTeX documentation package (FMi)
\c@StandardModuleDepth=\count87
\guard@level=\count88
\MacrocodeTopsep=\skip43
\MacroIndent=\dimen103
\macro@cnt=\count89
\MacroTopsep=\skip44
\index@excludelist=\toks14

(/usr/local/texlive/2010/texmf-dist/tex/latex/tools/multicol.sty
Package: multicol 2008/12/05 v1.6h multicolumn formatting (FMi)
\c@tracingmulticols=\count90
\mult@box=\box26
\multicol@leftmargin=\dimen104
\c@unbalance=\count91
\c@collectmore=\count92
\doublecol@number=\count93
\multicoltolerance=\count94
\multicolpretolerance=\count95
\full@width=\dimen105
\page@free=\dimen106
\premulticols=\dimen107
\postmulticols=\dimen108
\multicolsep=\skip45
\multicolbaselineskip=\skip46
\partial@page=\box27
\last@line=\box28
\mult@rightbox=\box29
\mult@grightbox=\box30
\mult@gfirstbox=\box31
\mult@firstbox=\box32
\@tempa=\box33
\@tempa=\box34
\@tempa=\box35
\@tempa=\box36
\@tempa=\box37
\@tempa=\box38
\@tempa=\box39
\@tempa=\box40
\@tempa=\box41
\@tempa=\box42
\@tempa=\box43
\@tempa=\box44
\@tempa=\box45
\@tempa=\box46
\@tempa=\box47
\@tempa=\box48
\@tempa=\box49
\c@columnbadness=\count96
\c@finalcolumnbadness=\count97
\last@try=\dimen109
\multicolovershoot=\dimen110
\multicolundershoot=\dimen111
\mult@nat@firstbox=\box50
\colbreak@box=\box51
)
\IndexMin=\dimen112
\c@IndexColumns=\count98
\GlossaryMin=\dimen113
\c@GlossaryColumns=\count99
\check@sum=\count100
\bslash@cnt=\count101
\wrong@table=\toks15
\c@CodelineNo=\count102
))
(/usr/local/texlive/2010/texmf-dist/tex/latex/dox/dox.sty
Package: dox 2009/09/28 v2.1 Extensions to the doc package

(/usr/local/texlive/2010/texmf-dist/tex/latex/oberdiek/kvoptions.sty
Package: kvoptions 2010/02/22 v3.7 Keyval support for LaTeX options (HO)

(/usr/local/texlive/2010/texmf-dist/tex/latex/graphics/keyval.sty
Package: keyval 1999/03/16 v1.13 key=value parser (DPC)
\KV@toks@=\toks16
)
(/usr/local/texlive/2010/texmf-dist/tex/generic/oberdiek/kvsetkeys.sty
Package: kvsetkeys 2010/03/01 v1.9 Key value parser (HO)

(/usr/local/texlive/2010/texmf-dist/tex/generic/oberdiek/infwarerr.sty
Package: infwarerr 2010/04/08 v1.3 Providing info/warning/message (HO)
)
(/usr/local/texlive/2010/texmf-dist/tex/generic/oberdiek/etexcmds.sty
Package: etexcmds 2010/01/28 v1.3 Prefix for e-TeX command names (HO)
Package etexcmds Info: Could not find \expanded.
(etexcmds)             That can mean that you are not using pdfTeX 1.50 or
(etexcmds)             that some package has redefined \expanded.
(etexcmds)             In the latter case, load this package earlier.
))))
(/usr/local/texlive/2010/texmf-dist/tex/latex/tools/xspace.sty
Package: xspace 2006/05/08 v1.12 Space after command names (DPC,MH)
)
(/usr/local/texlive/2010/texmf-dist/tex/latex/base/fontenc.sty
Package: fontenc 2005/09/27 v1.99g Standard LaTeX package

(/usr/local/texlive/2010/texmf-dist/tex/latex/base/t1enc.def
File: t1enc.def 2005/09/27 v1.99g Standard LaTeX file
LaTeX Font Info:    Redeclaring font encoding T1 on input line 43.
)) (./header.inc
Package: curve 2010/12/14 v1.16 Curriculum Vitae class for LaTeX2e
)
\@indexfile=\write3
\openout3 = `curve.idx'.


Writing index file curve.idx
(./curve.aux)
\openout1 = `curve.aux'.

LaTeX Font Info:    Checking defaults for OML/cmm/m/it on input line 70.
LaTeX Font Info:    ... okay on input line 70.
LaTeX Font Info:    Checking defaults for T1/cmr/m/n on input line 70.
LaTeX Font Info:    ... okay on input line 70.
LaTeX Font Info:    Checking defaults for OT1/cmr/m/n on input line 70.
LaTeX Font Info:    ... okay on input line 70.
LaTeX Font Info:    Checking defaults for OMS/cmsy/m/n on input line 70.
LaTeX Font Info:    ... okay on input line 70.
LaTeX Font Info:    Checking defaults for OMX/cmex/m/n on input line 70.
LaTeX Font Info:    ... okay on input line 70.
LaTeX Font Info:    Checking defaults for U/cmr/m/n on input line 70.
LaTeX Font Info:    ... okay on input line 70.
Package doc Info: Made | a short reference for \verb on input line 70.
 (./curve.dtx
***************************
* Character table correct *
***************************
Package doc Info: | already a short reference for \verb(*) on input line 96.
LaTeX Font Info:    Try loading font information for T1+ptm on input line 127.
(/usr/local/texlive/2010/texmf-dist/tex/latex/psnfss/t1ptm.fd
File: t1ptm.fd 2001/06/04 font definitions for T1/ptm.
)
LaTeX Font Info:    External font `cmex10' loaded for size
(Font)              <17.28> on input line 127.
LaTeX Font Info:    External font `cmex10' loaded for size
(Font)              <12> on input line 127.
LaTeX Font Info:    External font `cmex10' loaded for size
(Font)              <8> on input line 127.
LaTeX Font Info:    External font `cmex10' loaded for size
(Font)              <6> on input line 127.
LaTeX Font Info:    Try loading font information for T1+cmtt on input line 127.


(/usr/local/texlive/2010/texmf-dist/tex/latex/base/t1cmtt.fd
File: t1cmtt.fd 1999/05/25 v2.5h Standard LaTeX font definitions
)
LaTeX Font Info:    External font `cmex10' loaded for size
(Font)              <5> on input line 127.
LaTeX Font Info:    External font `cmex10' loaded for size
(Font)              <9> on input line 131.
LaTeX Font Info:    Try loading font information for OMS+cmr on input line 141.


(/usr/local/texlive/2010/texmf-dist/tex/latex/base/omscmr.fd
File: omscmr.fd 1999/05/25 v2.5h Standard LaTeX font definitions
)
LaTeX Font Info:    Font shape `OMS/cmr/m/n' in size <9> not available
(Font)              Font shape `OMS/cmsy/m/n' tried instead on input line 141.
 (./curve.toc
LaTeX Font Info:    External font `cmex10' loaded for size
(Font)              <7> on input line 2.

[1

])
\tf@toc=\write4
\openout4 = `curve.toc'.

LaTeX Font Info:    Try loading font information for T1+cmss on input line 153.

 (/usr/local/texlive/2010/texmf-dist/tex/latex/base/t1cmss.fd
File: t1cmss.fd 1999/05/25 v2.5h Standard LaTeX font definitions
) [2] [3]
[4] [5] [6]
LaTeX Font Info:    Font shape `T1/cmtt/bx/n' in size <10> not available
(Font)              Font shape `T1/cmtt/m/n' tried instead on input line 413.
 [7] [8] [9]
LaTeX Font Info:    Font shape `OMS/cmr/m/n' in size <10> not available
(Font)              Font shape `OMS/cmsy/m/n' tried instead on input line 541.
 [10]

LaTeX Warning: Marginpar on page 11 moved.


LaTeX Warning: Marginpar on page 11 moved.


LaTeX Warning: Marginpar on page 11 moved.


LaTeX Warning: Marginpar on page 11 moved.


LaTeX Warning: Marginpar on page 11 moved.

[11]
LaTeX Font Info:    Font shape `T1/cmtt/bx/n' in size <12> not available
(Font)              Font shape `T1/cmtt/m/n' tried instead on input line 713.
 [12] [13]
Overfull \hbox (1.67441pt too wide) in paragraph at lines 813--817
[]\T1/cmtt/m/n/10 \subrubric{\parbox{width}{first blah blah\\next blah blah}} 
 []

[14] [15] [16]
Overfull \hbox (5.23135pt too wide) in paragraph at lines 941--941
 [][]\T1/cmtt/m/n/9 \ProvidesClass{curve}[2010/12/14 v1.16 Curriculum Vitae cla
ss for LaTeX2e] 
 []


Overfull \hbox (19.4029pt too wide) in paragraph at lines 986--986
 [][]          \T1/cmtt/m/n/9 You have called \protect\keyalignment\space with 
an invalid value.% 
 []

[17] [18] [19]
Overfull \hbox (19.4029pt too wide) in paragraph at lines 1169--1169
 [][]\T1/cmtt/m/n/9 \def\@subrubric@cl#1{&\multicolumn{2}{@{\@clcccolsep}l@{}}{
\@@subrubric{#1}}} 
 []


Overfull \hbox (19.4029pt too wide) in paragraph at lines 1169--1169
 [][]\T1/cmtt/m/n/9 \def\@subrubric@cc#1{&\multicolumn{2}{@{\@clcccolsep}c@{}}{
\@@subrubric{#1}}} 
 []


Overfull \hbox (28.85059pt too wide) in paragraph at lines 1193--1193
 [][]      \T1/cmtt/m/n/9 You have called \protect\subrubricalignment\space wit
h an invalid value.% 
 []

[20]
Overfull \hbox (28.85059pt too wide) in paragraph at lines 1246--1246
 [][]\T1/cmtt/m/n/9 \def\@rubrichead@cl#1{&\multicolumn{2}{@{\@clcccolsep}l@{}}
{\@@rubrichead{#1}}} 
 []


Overfull \hbox (28.85059pt too wide) in paragraph at lines 1246--1246
 [][]\T1/cmtt/m/n/9 \def\@rubrichead@cc#1{&\multicolumn{2}{@{\@clcccolsep}c@{}}
{\@@rubrichead{#1}}} 
 []


Overfull \hbox (14.67905pt too wide) in paragraph at lines 1266--1266
 [][]      \T1/cmtt/m/n/9 You have called \protect\rubricalignment\space with a
n invalid value.% 
 []


Overfull \hbox (5.23135pt too wide) in paragraph at lines 1266--1266
 [][]      \T1/cmtt/m/n/9 \MessageBreak Valid options include l, c, r, cl and c
c.\MessageBreak 
 []

[21]
Overfull \hbox (9.9552pt too wide) in paragraph at lines 1319--1319
 [][]      \T1/cmtt/m/n/9 \gdef\pagebreak{\@nextentry\noalign{\gdef\@nextentry{
}}\in@pagebreak} 
 []


Overfull \hbox (47.74597pt too wide) in paragraph at lines 1319--1319
 [][]      \T1/cmtt/m/n/9 \gdef\nopagebreak{\@nextentry\noalign{\gdef\@nextentr
y{}}\in@nopagebreak}}}{% 
 []

[22] [23]
Overfull \hbox (24.12674pt too wide) in paragraph at lines 1478--1478
 [][]  \T1/cmtt/m/n/9 \setlength\photo@width{\photo@scale\textwidth} \setlength
\leftheader@width{% 
 []

[24] [25] [26]
Overfull \hbox (0.5075pt too wide) in paragraph at lines 1718--1718
 [][]    \T1/cmtt/m/n/9 \immediate\write\@auxout{\string\setcounter{bibtotal}{\
thebibcount}}% 
 []

[27] [28] [29]
Overfull \hbox (14.67905pt too wide) in paragraph at lines 2094--2094
 [][]            \T1/cmtt/m/n/9 \edef\NMSB@tempentry{\@backslashchar subrubric{
\NMSB@tempentry}} 
 []


Overfull \hbox (0.5075pt too wide) in paragraph at lines 2094--2094
 [][]          \T1/cmtt/m/n/9 \expandafter\expandafter\expandafter\NMSB@currpre
fixlevelonetok 
 []

[30] [31]
Overfull \hbox (24.12674pt too wide) in paragraph at lines 2094--2094
 [][]        \T1/cmtt/m/n/9 \setbox\@tempboxa=\hbox{\the\NMSB@currprefixtok\the
\value{\@listctr}}% 
 []

[32] [33] [34] [35] (./curve.ind
Overfull \hbox (9.31302pt too wide) in paragraph at lines 21--22
[][]\T1/cmtt/m/n/9 \@curveltxbibliography   
 []

[36] [37]
Overfull \hbox (4.58917pt too wide) in paragraph at lines 250--251
[][]\T1/cmtt/m/n/9 \subrubricbeforespace   
 []


Underfull \hbox (badness 10000) in paragraph at lines 261--262
[]\T1/cmtt/m/n/9 thebibliography 
 []

)
*******************
* Checksum passed *
*******************
) [38] (./curve.aux) ) 
Here is how much of TeX's memory you used:
 1259 strings out of 493748
 16761 string characters out of 3143569
 88992 words of memory out of 3000000
 4529 multiletter control sequences out of 15000+200000
 42880 words of font info for 68 fonts, out of 3000000 for 9000
 714 hyphenation exceptions out of 8191
 35i,7n,23p,444b,1012s stack positions out of 5000i,500n,10000p,200000b,50000s

Output written on curve.dvi (38 pages, 144188 bytes).
